<?xml version="1.0" encoding="UTF-8"?>
<!-- Generated by org.testng.reporters.JUnitReportReporter -->
<testsuite hostname="Lenovo" failures="0" tests="1" name="com.crm.orgtest.CreateorgTest" time="0.024" errors="0" timestamp="2022-01-25T22:46:07 IST" skipped="0">
  <testcase classname="com.crm.orgtest.CreateorgTest" name="modifyorgTest" time="0.024"/>
  <system-out/>
</testsuite> <!-- com.crm.orgtest.CreateorgTest -->
