<?xml version="1.0" encoding="UTF-8"?>
<!-- Generated by org.testng.reporters.JUnitReportReporter -->
<testsuite hostname="Lenovo" failures="0" tests="1" name="com.crm.comcast.CreatecontactTest" time="0.013" errors="0" timestamp="2022-01-25T22:46:07 IST" skipped="0">
  <testcase classname="com.crm.comcast.CreatecontactTest" name="modifycontacttest" time="0.013"/>
  <system-out/>
</testsuite> <!-- com.crm.comcast.CreatecontactTest -->
