<?xml version="1.0" encoding="UTF-8"?>
<!-- Generated by org.testng.reporters.JUnitReportReporter -->
<testsuite hostname="Lenovo" failures="0" tests="2" name="com.crm.orgtest.CreateorgTest" time="0.098" errors="0" timestamp="2022-01-28T00:00:28 IST" skipped="0">
  <testcase classname="com.crm.orgtest.CreateorgTest" name="createorgtest" time="0.090"/>
  <system-out/>
  <testcase classname="com.crm.orgtest.CreateorgTest" name="modifyorgTest" time="0.008"/>
  <system-out/>
</testsuite> <!-- com.crm.orgtest.CreateorgTest -->
